C:\USERS\ROOT\DESKTOP\VCAPP\APP\APP\DEBUG\.NETFRAMEWORK,VERSION=V4.0.ASSEMBLYATTRIBUTES.OBJ
C:\Users\root\Desktop\VCAPP\App\App\Debug\App.Form1.resources
C:\USERS\ROOT\DESKTOP\VCAPP\APP\APP\DEBUG\APP.OBJ
C:\USERS\ROOT\DESKTOP\VCAPP\APP\APP\DEBUG\APP.PCH
C:\USERS\ROOT\DESKTOP\VCAPP\APP\APP\DEBUG\APP.RES
C:\Users\root\Desktop\VCAPP\App\App\Debug\App.vcxproj.GenerateResource.Cache
C:\Users\root\Desktop\VCAPP\App\App\Debug\App.vcxprojResolveAssemblyReference.cache
C:\Users\root\Desktop\VCAPP\App\App\Debug\App.write.1.tlog
C:\USERS\ROOT\DESKTOP\VCAPP\APP\APP\DEBUG\ASSEMBLYINFO.OBJ
C:\Users\root\Desktop\VCAPP\App\App\Debug\cl.command.1.tlog
C:\Users\root\Desktop\VCAPP\App\App\Debug\CL.read.1.tlog
C:\Users\root\Desktop\VCAPP\App\App\Debug\CL.write.1.tlog
C:\Users\root\Desktop\VCAPP\App\App\Debug\link.4840.read.1.tlog
C:\Users\root\Desktop\VCAPP\App\App\Debug\link.4840.write.1.tlog
C:\Users\root\Desktop\VCAPP\App\App\Debug\link.4880.read.1.tlog
C:\Users\root\Desktop\VCAPP\App\App\Debug\link.4880.write.1.tlog
C:\Users\root\Desktop\VCAPP\App\App\Debug\link.7316.read.1.tlog
C:\Users\root\Desktop\VCAPP\App\App\Debug\link.7316.write.1.tlog
C:\Users\root\Desktop\VCAPP\App\App\Debug\link.8084.read.1.tlog
C:\Users\root\Desktop\VCAPP\App\App\Debug\link.8084.write.1.tlog
C:\Users\root\Desktop\VCAPP\App\App\Debug\link.9276.read.1.tlog
C:\Users\root\Desktop\VCAPP\App\App\Debug\link.9276.write.1.tlog
C:\Users\root\Desktop\VCAPP\App\App\Debug\link.9408.read.1.tlog
C:\Users\root\Desktop\VCAPP\App\App\Debug\link.9408.write.1.tlog
C:\Users\root\Desktop\VCAPP\App\App\Debug\link.9688.read.1.tlog
C:\Users\root\Desktop\VCAPP\App\App\Debug\link.9688.write.1.tlog
C:\Users\root\Desktop\VCAPP\App\App\Debug\link.9716.read.1.tlog
C:\Users\root\Desktop\VCAPP\App\App\Debug\link.9716.write.1.tlog
C:\Users\root\Desktop\VCAPP\App\App\Debug\link.9792.read.1.tlog
C:\Users\root\Desktop\VCAPP\App\App\Debug\link.9792.write.1.tlog
C:\Users\root\Desktop\VCAPP\App\App\Debug\link.9808.read.1.tlog
C:\Users\root\Desktop\VCAPP\App\App\Debug\link.9808.write.1.tlog
C:\Users\root\Desktop\VCAPP\App\App\Debug\link.command.1.tlog
C:\Users\root\Desktop\VCAPP\App\App\Debug\link.read.1.tlog
C:\Users\root\Desktop\VCAPP\App\App\Debug\link.write.1.tlog
C:\Users\root\Desktop\VCAPP\App\App\Debug\rc.command.1.tlog
C:\Users\root\Desktop\VCAPP\App\App\Debug\rc.read.1.tlog
C:\Users\root\Desktop\VCAPP\App\App\Debug\rc.write.1.tlog
C:\USERS\ROOT\DESKTOP\VCAPP\APP\APP\DEBUG\STDAFX.OBJ
C:\USERS\ROOT\DESKTOP\VCAPP\APP\APP\DEBUG\VC100.PDB
C:\Users\root\Desktop\VCAPP\App\Debug\App.ilk
